<?xml version="1.0" encoding="UTF-8"?>
<testng-results ignored="0" total="1" passed="1" failed="0" skipped="0">
  <reporter-output>
  </reporter-output>
  <suite started-at="2023-07-30T18:22:05 CEST" name="Default suite" finished-at="2023-07-30T18:22:38 CEST" duration-ms="33744">
    <groups>
      <group name="cucumber">
        <method signature="AbstractTestNGCucumberTests.runScenario(io.cucumber.testng.PickleWrapper,io.cucumber.testng.FeatureWrapper)[pri:0, instance:runner.TestNgRunner@74fe5c40]" name="runScenario" class="io.cucumber.testng.AbstractTestNGCucumberTests"/>
      </group> <!-- cucumber -->
    </groups>
    <test started-at="2023-07-30T18:22:05 CEST" name="Default test" finished-at="2023-07-30T18:22:38 CEST" duration-ms="33744">
      <class name="runner.TestNgRunner">
        <test-method is-config="true" signature="setUpClass()[pri:0, instance:runner.TestNgRunner@74fe5c40]" started-at="2023-07-30T18:22:05 CEST" name="setUpClass" finished-at="2023-07-30T18:22:05 CEST" duration-ms="193" status="PASS">
          <reporter-output>
          </reporter-output>
        </test-method> <!-- setUpClass -->
        <test-method signature="runScenario(io.cucumber.testng.PickleWrapper,io.cucumber.testng.FeatureWrapper)[pri:0, instance:runner.TestNgRunner@74fe5c40]" started-at="2023-07-30T18:22:05 CEST" name="runScenario" description="Runs Cucumber Scenarios" data-provider="scenarios" finished-at="2023-07-30T18:22:38 CEST" duration-ms="33497" status="PASS">
          <params>
            <param index="0">
              <value>
                <![CDATA["Register"]]>
              </value>
            </param>
            <param index="1">
              <value>
                <![CDATA["Optional[Register]"]]>
              </value>
            </param>
          </params>
          <reporter-output>
          </reporter-output>
        </test-method> <!-- runScenario -->
        <test-method is-config="true" signature="tearDownClass()[pri:0, instance:runner.TestNgRunner@74fe5c40]" started-at="2023-07-30T18:22:38 CEST" name="tearDownClass" finished-at="2023-07-30T18:22:38 CEST" duration-ms="13" status="PASS">
          <reporter-output>
          </reporter-output>
        </test-method> <!-- tearDownClass -->
      </class> <!-- runner.TestNgRunner -->
    </test> <!-- Default test -->
  </suite> <!-- Default suite -->
</testng-results>
